::1 - - [04/Mar/2026 15:05:21] "GET / HTTP/1.1" 304 -
::1 - - [04/Mar/2026 15:05:21] "GET /src/game.js HTTP/1.1" 304 -
::1 - - [04/Mar/2026 15:05:21] "GET /src/board.js HTTP/1.1" 304 -
::1 - - [04/Mar/2026 15:05:21] "GET /src/player.js HTTP/1.1" 304 -
::1 - - [04/Mar/2026 15:05:21] "GET /src/config.js HTTP/1.1" 304 -
::1 - - [04/Mar/2026 15:05:21] "GET /src/pixi.js HTTP/1.1" 304 -
::1 - - [04/Mar/2026 15:05:21] "GET /src/debug-ui.js HTTP/1.1" 304 -
::1 - - [04/Mar/2026 15:05:21] "GET /src/input.js HTTP/1.1" 304 -
::1 - - [04/Mar/2026 15:35:41] "GET / HTTP/1.1" 200 -
::1 - - [04/Mar/2026 15:38:38] "GET / HTTP/1.1" 200 -
::1 - - [04/Mar/2026 15:39:28] "GET / HTTP/1.1" 200 -
::1 - - [04/Mar/2026 15:39:28] "GET /src/game.js HTTP/1.1" 200 -
::1 - - [04/Mar/2026 15:39:28] "GET /src/input.js HTTP/1.1" 304 -
::1 - - [04/Mar/2026 15:39:28] "GET /src/board.js HTTP/1.1" 200 -
::1 - - [04/Mar/2026 15:39:28] "GET /src/debug-ui.js HTTP/1.1" 304 -
::1 - - [04/Mar/2026 15:39:28] "GET /src/config.js HTTP/1.1" 200 -
::1 - - [04/Mar/2026 15:39:28] "GET /src/player.js HTTP/1.1" 200 -
::1 - - [04/Mar/2026 15:39:28] "GET /src/pixi.js HTTP/1.1" 304 -
::1 - - [04/Mar/2026 15:39:28] "GET /src/game.js HTTP/1.1" 200 -
::1 - - [04/Mar/2026 15:39:28] "GET /src/board.js HTTP/1.1" 200 -
::1 - - [04/Mar/2026 15:39:28] "GET /src/config.js HTTP/1.1" 200 -
::1 - - [04/Mar/2026 15:39:28] "GET /src/debug-ui.js HTTP/1.1" 200 -
::1 - - [04/Mar/2026 15:39:28] "GET /src/input.js HTTP/1.1" 200 -
::1 - - [04/Mar/2026 15:39:28] "GET /src/pixi.js HTTP/1.1" 200 -
::1 - - [04/Mar/2026 15:39:28] "GET /src/player.js HTTP/1.1" 200 -
::1 - - [04/Mar/2026 15:41:20] "GET / HTTP/1.1" 304 -
::1 - - [04/Mar/2026 15:41:20] "GET /src/game.js HTTP/1.1" 304 -
::1 - - [04/Mar/2026 15:41:20] "GET /src/board.js HTTP/1.1" 304 -
::1 - - [04/Mar/2026 15:41:20] "GET /src/config.js HTTP/1.1" 304 -
::1 - - [04/Mar/2026 15:41:20] "GET /src/player.js HTTP/1.1" 304 -
::1 - - [04/Mar/2026 15:46:58] "GET / HTTP/1.1" 304 -
::1 - - [04/Mar/2026 15:46:58] "GET /src/game.js HTTP/1.1" 304 -
::1 - - [04/Mar/2026 15:46:58] "GET /src/config.js HTTP/1.1" 200 -
::1 - - [04/Mar/2026 15:46:58] "GET /src/board.js HTTP/1.1" 304 -
::1 - - [04/Mar/2026 15:46:58] "GET /src/player.js HTTP/1.1" 304 -
::1 - - [04/Mar/2026 15:48:45] "GET / HTTP/1.1" 304 -
::1 - - [04/Mar/2026 15:48:45] "GET /src/game.js HTTP/1.1" 304 -
::1 - - [04/Mar/2026 15:48:45] "GET /src/input.js HTTP/1.1" 304 -
::1 - - [04/Mar/2026 15:48:45] "GET /src/board.js HTTP/1.1" 304 -
::1 - - [04/Mar/2026 15:48:45] "GET /src/debug-ui.js HTTP/1.1" 304 -
::1 - - [04/Mar/2026 15:48:45] "GET /src/player.js HTTP/1.1" 304 -
::1 - - [04/Mar/2026 15:48:45] "GET /src/config.js HTTP/1.1" 200 -
::1 - - [04/Mar/2026 15:48:45] "GET /src/pixi.js HTTP/1.1" 304 -
